#
# There is insufficient memory for the Java Runtime Environment to continue.
# Native memory allocation (malloc) failed to allocate 32744 bytes for ChunkPool::allocate
# Possible reasons:
#   The system is out of physical RAM or swap space
#   In 32 bit mode, the process size limit was hit
# Possible solutions:
#   Reduce memory load on the system
#   Increase physical memory or swap space
#   Check if swap backing store is full
#   Use 64 bit Java on a 64 bit OS
#   Decrease Java heap size (-Xmx/-Xms)
#   Decrease number of Java threads
#   Decrease Java thread stack sizes (-Xss)
#   Set larger code cache with -XX:ReservedCodeCacheSize=
# This output file may be truncated or incomplete.
#
#  Out of Memory Error (allocation.cpp:273), pid=242464, tid=243560
#
# JRE version: Java(TM) SE Runtime Environment (8.0_91-b15) (build 1.8.0_91-b15)
# Java VM: Java HotSpot(TM) 64-Bit Server VM (25.91-b15 mixed mode windows-amd64 compressed oops)
# Failed to write core dump. Minidumps are not enabled by default on client versions of Windows
#

---------------  T H R E A D  ---------------

Current thread (0x0000000056323800):  JavaThread "C2 CompilerThread0" daemon [_thread_in_native, id=243560, stack(0x0000000056ae0000,0x0000000056be0000)]

Stack: [0x0000000056ae0000,0x0000000056be0000]
[error occurred during error reporting (printing stack bounds), id 0xc0000005]

Native frames: (J=compiled Java code, j=interpreted, Vv=VM code, C=native code)


Current CompileTask:
C2:   5666 1247   !   4       com.android.dx.cf.code.BytecodeArray::parseInstruction (2764 bytes)


---------------  P R O C E S S  ---------------

Java Threads: ( => current thread )
  0x00000000565e3800 JavaThread "pool-1-thread-4" [_thread_blocked, id=243536, stack(0x00000000581c0000,0x00000000582c0000)]
  0x00000000565e0800 JavaThread "pool-1-thread-3" [_thread_blocked, id=243532, stack(0x0000000057ef0000,0x0000000057ff0000)]
  0x0000000056627000 JavaThread "pool-1-thread-2" [_thread_blocked, id=243528, stack(0x0000000057da0000,0x0000000057ea0000)]
  0x0000000056624800 JavaThread "pool-2-thread-1" [_thread_blocked, id=243520, stack(0x0000000057bd0000,0x0000000057cd0000)]
  0x0000000056623000 JavaThread "pool-1-thread-1" [_thread_blocked, id=243516, stack(0x0000000057a40000,0x0000000057b40000)]
  0x000000005638e800 JavaThread "Service Thread" daemon [_thread_blocked, id=243564, stack(0x0000000056f80000,0x0000000057080000)]
  0x000000005513b000 JavaThread "C1 CompilerThread2" daemon [_thread_in_native, id=243572, stack(0x0000000056e00000,0x0000000056f00000)]
  0x0000000056327000 JavaThread "C2 CompilerThread1" daemon [_thread_in_native, id=243568, stack(0x0000000056c10000,0x0000000056d10000)]
=>0x0000000056323800 JavaThread "C2 CompilerThread0" daemon [_thread_in_native, id=243560, stack(0x0000000056ae0000,0x0000000056be0000)]
  0x000000005512c800 JavaThread "Attach Listener" daemon [_thread_blocked, id=242468, stack(0x0000000056930000,0x0000000056a30000)]
  0x000000005632c000 JavaThread "Signal Dispatcher" daemon [_thread_blocked, id=242828, stack(0x0000000056800000,0x0000000056900000)]
  0x0000000055119000 JavaThread "Finalizer" daemon [_thread_blocked, id=242180, stack(0x0000000056060000,0x0000000056160000)]
  0x00000000550d1800 JavaThread "Reference Handler" daemon [_thread_blocked, id=242704, stack(0x0000000056160000,0x0000000056260000)]
  0x000000000229e000 JavaThread "main" [_thread_in_vm, id=242236, stack(0x0000000002320000,0x0000000002420000)]

Other Threads:
  0x00000000550ca000 VMThread [stack: 0x0000000055f60000,0x0000000056060000] [id=241328]
  0x00000000563af000 WatcherThread [stack: 0x0000000057080000,0x0000000057180000] [id=241196]

VM state:not at safepoint (normal execution)

VM Mutex/Monitor currently owned by a thread: None

Heap:
 PSYoungGen      total 18432K, used 16555K [0x00000000eab00000, 0x00000000ebe00000, 0x0000000100000000)
  eden space 17408K, 89% used [0x00000000eab00000,0x00000000eba32e50,0x00000000ebc00000)
  from space 1024K, 96% used [0x00000000ebd00000,0x00000000ebdf8028,0x00000000ebe00000)
  to   space 1024K, 0% used [0x00000000ebc00000,0x00000000ebc00000,0x00000000ebd00000)
 ParOldGen       total 22016K, used 8421K [0x00000000c0000000, 0x00000000c1580000, 0x00000000eab00000)
  object space 22016K, 38% used [0x00000000c0000000,0x00000000c0839420,0x00000000c1580000)
 Metaspace       used 6176K, capacity 7026K, committed 7296K, reserved 1056768K
  class space    used 600K, capacity 618K, committed 640K, reserved 1048576K

Card table byte_map: [0x0000000011ab0000,0x0000000011cc0000] byte_map_base: 0x00000000114b0000

Marking Bits: (ParMarkBitMap*) 0x000000006c442f70
 Begin Bits: [0x0000000012540000, 0x0000000013540000)
 End Bits:   [0x0000000013540000, 0x0000000014540000)

Polling page: 0x0000000000230000

CodeCache: size=245760Kb used=5816Kb max_used=5816Kb free=239943Kb
 bounds [0x00000000026f0000, 0x0000000002cb0000, 0x00000000116f0000]
 total_blobs=1726 nmethods=1461 adapters=179
 compilation: enabled

Compilation events (10 events):
Event: 5.339 Thread 0x000000005513b000 1468       3       com.android.dx.dex.code.BlockAddresses::getStart (7 bytes)
Event: 5.339 Thread 0x000000005513b000 nmethod 1468 0x0000000002c9c8d0 code [0x0000000002c9ca20, 0x0000000002c9cb90]
Event: 5.343 Thread 0x000000005513b000 1469       3       com.android.dx.ssa.PhiTypeResolver::resolveResultType (308 bytes)
Event: 5.350 Thread 0x000000005513b000 nmethod 1469 0x0000000002c9cc90 code [0x0000000002c9d100, 0x0000000002ca0438]
Event: 5.351 Thread 0x000000005513b000 1470       3       com.android.dx.rop.annotation.Annotations::addAll (59 bytes)
Event: 5.353 Thread 0x000000005513b000 nmethod 1470 0x0000000002ca1dd0 code [0x0000000002ca1fe0, 0x0000000002ca2af8]
Event: 5.353 Thread 0x000000005513b000 1471       3       sun.util.calendar.Gregorian$Date::getNormalizedYear (5 bytes)
Event: 5.354 Thread 0x000000005513b000 nmethod 1471 0x0000000002ca2fd0 code [0x0000000002ca3120, 0x0000000002ca3310]
Event: 5.354 Thread 0x000000005513b000 1472       3       sun.util.calendar.BaseCalendar::isLeapYear (5 bytes)
Event: 5.354 Thread 0x000000005513b000 nmethod 1472 0x0000000002ca3390 code [0x0000000002ca3500, 0x0000000002ca37f0]

GC Heap History (7 events):
Event: 1.913 GC heap before
{Heap before GC invocations=1 (full 0):
 PSYoungGen      total 9728K, used 8704K [0x00000000eab00000, 0x00000000eb580000, 0x0000000100000000)
  eden space 8704K, 100% used [0x00000000eab00000,0x00000000eb380000,0x00000000eb380000)
  from space 1024K, 0% used [0x00000000eb480000,0x00000000eb480000,0x00000000eb580000)
  to   space 1024K, 0% used [0x00000000eb380000,0x00000000eb380000,0x00000000eb480000)
 ParOldGen       total 22016K, used 0K [0x00000000c0000000, 0x00000000c1580000, 0x00000000eab00000)
  object space 22016K, 0% used [0x00000000c0000000,0x00000000c0000000,0x00000000c1580000)
 Metaspace       used 4438K, capacity 5456K, committed 5760K, reserved 1056768K
  class space    used 488K, capacity 520K, committed 640K, reserved 1048576K
Event: 1.968 GC heap after
Heap after GC invocations=1 (full 0):
 PSYoungGen      total 9728K, used 999K [0x00000000eab00000, 0x00000000ebe00000, 0x0000000100000000)
  eden space 8704K, 0% used [0x00000000eab00000,0x00000000eab00000,0x00000000eb380000)
  from space 1024K, 97% used [0x00000000eb380000,0x00000000eb479c70,0x00000000eb480000)
  to   space 1024K, 0% used [0x00000000ebd00000,0x00000000ebd00000,0x00000000ebe00000)
 ParOldGen       total 22016K, used 1044K [0x00000000c0000000, 0x00000000c1580000, 0x00000000eab00000)
  object space 22016K, 4% used [0x00000000c0000000,0x00000000c01050c8,0x00000000c1580000)
 Metaspace       used 4438K, capacity 5456K, committed 5760K, reserved 1056768K
  class space    used 488K, capacity 520K, committed 640K, reserved 1048576K
}
Event: 3.132 GC heap before
{Heap before GC invocations=2 (full 0):
 PSYoungGen      total 9728K, used 9703K [0x00000000eab00000, 0x00000000ebe00000, 0x0000000100000000)
  eden space 8704K, 100% used [0x00000000eab00000,0x00000000eb380000,0x00000000eb380000)
  from space 1024K, 97% used [0x00000000eb380000,0x00000000eb479c70,0x00000000eb480000)
  to   space 1024K, 0% used [0x00000000ebd00000,0x00000000ebd00000,0x00000000ebe00000)
 ParOldGen       total 22016K, used 1044K [0x00000000c0000000, 0x00000000c1580000, 0x00000000eab00000)
  object space 22016K, 4% used [0x00000000c0000000,0x00000000c01050c8,0x00000000c1580000)
 Metaspace       used 5798K, capacity 6704K, committed 6784K, reserved 1056768K
  class space    used 597K, capacity 616K, committed 640K, reserved 1048576K
Event: 3.195 GC heap after
Heap after GC invocations=2 (full 0):
 PSYoungGen      total 18432K, used 992K [0x00000000eab00000, 0x00000000ebe00000, 0x0000000100000000)
  eden space 17408K, 0% used [0x00000000eab00000,0x00000000eab00000,0x00000000ebc00000)
  from space 1024K, 96% used [0x00000000ebd00000,0x00000000ebdf8018,0x00000000ebe00000)
  to   space 1024K, 0% used [0x00000000ebc00000,0x00000000ebc00000,0x00000000ebd00000)
 ParOldGen       total 22016K, used 3110K [0x00000000c0000000, 0x00000000c1580000, 0x00000000eab00000)
  object space 22016K, 14% used [0x00000000c0000000,0x00000000c0309a40,0x00000000c1580000)
 Metaspace       used 5798K, capacity 6704K, committed 6784K, reserved 1056768K
  class space    used 597K, capacity 616K, committed 640K, reserved 1048576K
}
Event: 4.803 GC heap before
{Heap before GC invocations=3 (full 0):
 PSYoungGen      total 18432K, used 18400K [0x00000000eab00000, 0x00000000ebe00000, 0x0000000100000000)
  eden space 17408K, 100% used [0x00000000eab00000,0x00000000ebc00000,0x00000000ebc00000)
  from space 1024K, 96% used [0x00000000ebd00000,0x00000000ebdf8018,0x00000000ebe00000)
  to   space 1024K, 0% used [0x00000000ebc00000,0x00000000ebc00000,0x00000000ebd00000)
 ParOldGen       total 22016K, used 3110K [0x00000000c0000000, 0x00000000c1580000, 0x00000000eab00000)
  object space 22016K, 14% used [0x00000000c0000000,0x00000000c0309a40,0x00000000c1580000)
 Metaspace       used 6055K, capacity 6962K, committed 7040K, reserved 1056768K
  class space    used 599K, capacity 618K, committed 640K, reserved 1048576K
Event: 4.857 GC heap after
Heap after GC invocations=3 (full 0):
 PSYoungGen      total 18432K, used 992K [0x00000000eab00000, 0x00000000ebe00000, 0x0000000100000000)
  eden space 17408K, 0% used [0x00000000eab00000,0x00000000eab00000,0x00000000ebc00000)
  from space 1024K, 96% used [0x00000000ebc00000,0x00000000ebcf8028,0x00000000ebd00000)
  to   space 1024K, 0% used [0x00000000ebd00000,0x00000000ebd00000,0x00000000ebe00000)
 ParOldGen       total 22016K, used 5706K [0x00000000c0000000, 0x00000000c1580000, 0x00000000eab00000)
  object space 22016K, 25% used [0x00000000c0000000,0x00000000c0592ae8,0x00000000c1580000)
 Metaspace       used 6055K, capacity 6962K, committed 7040K, reserved 1056768K
  class space    used 599K, capacity 618K, committed 640K, reserved 1048576K
}
Event: 5.357 GC heap before
{Heap before GC invocations=4 (full 0):
 PSYoungGen      total 18432K, used 18400K [0x00000000eab00000, 0x00000000ebe00000, 0x0000000100000000)
  eden space 17408K, 100% used [0x00000000eab00000,0x00000000ebc00000,0x00000000ebc00000)
  from space 1024K, 96% used [0x00000000ebc00000,0x00000000ebcf8028,0x00000000ebd00000)
  to   space 1024K, 0% used [0x00000000ebd00000,0x00000000ebd00000,0x00000000ebe00000)
 ParOldGen       total 22016K, used 5706K [0x00000000c0000000, 0x00000000c1580000, 0x00000000eab00000)
  object space 22016K, 25% used [0x00000000c0000000,0x00000000c0592ae8,0x00000000c1580000)
 Metaspace       used 6176K, capacity 7026K, committed 7296K, reserved 1056768K
  class space    used 600K, capacity 618K, committed 640K, reserved 1048576K

Deoptimization events (10 events):
Event: 3.478 Thread 0x0000000056627000 Uncommon trap: reason=class_check action=maybe_recompile pc=0x0000000002a7c060 method=com.android.dx.rop.type.Type.equals(Ljava/lang/Object;)Z @ 8
Event: 3.486 Thread 0x0000000056627000 Uncommon trap: reason=class_check action=maybe_recompile pc=0x0000000002a7c060 method=com.android.dx.rop.type.Type.equals(Ljava/lang/Object;)Z @ 8
Event: 3.489 Thread 0x0000000056627000 Uncommon trap: reason=class_check action=maybe_recompile pc=0x0000000002a7c060 method=com.android.dx.rop.type.Type.equals(Ljava/lang/Object;)Z @ 8
Event: 3.489 Thread 0x0000000056627000 Uncommon trap: reason=class_check action=maybe_recompile pc=0x0000000002a7c060 method=com.android.dx.rop.type.Type.equals(Ljava/lang/Object;)Z @ 8
Event: 3.749 Thread 0x00000000565e0800 Uncommon trap: reason=bimorphic action=maybe_recompile pc=0x0000000002ac9a68 method=com.android.dx.cf.code.Merger.mergeType(Lcom/android/dx/rop/type/TypeBearer;Lcom/android/dx/rop/type/TypeBearer;)Lcom/android/dx/rop/type/TypeBearer; @ 21
Event: 3.749 Thread 0x00000000565e0800 Uncommon trap: reason=bimorphic action=maybe_recompile pc=0x0000000002ac9a68 method=com.android.dx.cf.code.Merger.mergeType(Lcom/android/dx/rop/type/TypeBearer;Lcom/android/dx/rop/type/TypeBearer;)Lcom/android/dx/rop/type/TypeBearer; @ 21
Event: 3.749 Thread 0x00000000565e0800 Uncommon trap: reason=bimorphic action=maybe_recompile pc=0x0000000002ac9a68 method=com.android.dx.cf.code.Merger.mergeType(Lcom/android/dx/rop/type/TypeBearer;Lcom/android/dx/rop/type/TypeBearer;)Lcom/android/dx/rop/type/TypeBearer; @ 21
Event: 3.749 Thread 0x00000000565e0800 Uncommon trap: reason=bimorphic action=maybe_recompile pc=0x0000000002ac9a68 method=com.android.dx.cf.code.Merger.mergeType(Lcom/android/dx/rop/type/TypeBearer;Lcom/android/dx/rop/type/TypeBearer;)Lcom/android/dx/rop/type/TypeBearer; @ 21
Event: 4.142 Thread 0x00000000565e0800 Uncommon trap: reason=unstable_if action=reinterpret pc=0x0000000002ae6888 method=com.android.dx.cf.code.Merger.mergeType(Lcom/android/dx/rop/type/TypeBearer;Lcom/android/dx/rop/type/TypeBearer;)Lcom/android/dx/rop/type/TypeBearer; @ 68
Event: 5.044 Thread 0x0000000056623000 Uncommon trap: reason=unstable_if action=reinterpret pc=0x0000000002b2a66c method=com.android.dx.util.IntList.binarysearch(I)I @ 105

Internal exceptions (3 events):
Event: 0.656 Thread 0x000000000229e000 Exception <a 'java/lang/NoSuchMethodError': Method sun.misc.Unsafe.defineClass(Ljava/lang/String;[BII)Ljava/lang/Class; name or signature does not match> (0x00000000eab07cc0) thrown at [C:\re\workspace\8-2-build-windows-amd64-cygwin\jdk8u91\7017\hotspot\sr¤<¶ûä?
Event: 0.656 Thread 0x000000000229e000 Exception <a 'java/lang/NoSuchMethodError': Method sun.misc.Unsafe.prefetchRead(Ljava/lang/Object;J)V name or signature does not match> (0x00000000eab07fa8) thrown at [C:\re\workspace\8-2-build-windows-amd64-cygwin\jdk8u91\7017\hotspot\src\share\vm\prims\jxœ‹˜–7@
Event: 2.652 Thread 0x000000000229e000 Implicit null exception at 0x0000000002a138d2 to 0x0000000002a139d1

Events (10 events):
Event: 4.893 Thread 0x0000000056627000 DEOPT PACKING pc=0x0000000002a38371 sp=0x0000000057e9e4d0
Event: 4.893 Thread 0x0000000056627000 DEOPT UNPACKING pc=0x000000000273747f sp=0x0000000057e9e298 mode 0
Event: 4.949 Executing VM operation: EnableBiasedLocking
Event: 4.949 Executing VM operation: EnableBiasedLocking done
Event: 5.040 loading class com/android/dx/cf/code/BytecodeArray$ConstantParserVisitor
Event: 5.040 loading class com/android/dx/cf/code/BytecodeArray$ConstantParserVisitor done
Event: 5.044 Thread 0x0000000056623000 Uncommon trap: trap_request=0xffffff65 fr.pc=0x0000000002b2a66c
Event: 5.044 Thread 0x0000000056623000 DEOPT PACKING pc=0x0000000002b2a66c sp=0x0000000057b3e610
Event: 5.044 Thread 0x0000000056623000 DEOPT UNPACKING pc=0x000000000273582a sp=0x0000000057b3e588 mode 2
Event: 5.354 Executing VM operation: ParallelGCFailedAllocation


Dynamic libraries:
0x000000013fd20000 - 0x000000013fd57000 	C:\Program Files\Java\jdk1.8.0_91\bin\java.exe
0x0000000077170000 - 0x000000007731c000 	C:\Windows\SYSTEM32\ntdll.dll
0x0000000077050000 - 0x000000007716f000 	C:\Windows\system32\kernel32.dll
0x000007fefd280000 - 0x000007fefd2ec000 	C:\Windows\system32\KERNELBASE.dll
0x000007fefd900000 - 0x000007fefd9db000 	C:\Windows\system32\ADVAPI32.dll
0x000007feff3b0000 - 0x000007feff44f000 	C:\Windows\system32\msvcrt.dll
0x000007fefd730000 - 0x000007fefd74f000 	C:\Windows\SYSTEM32\sechost.dll
0x000007fefddf0000 - 0x000007fefdf1e000 	C:\Windows\system32\RPCRT4.dll
0x0000000076f50000 - 0x000000007704a000 	C:\Windows\system32\USER32.dll
0x000007fefd4a0000 - 0x000007fefd507000 	C:\Windows\system32\GDI32.dll
0x000007fefd510000 - 0x000007fefd51e000 	C:\Windows\system32\LPK.dll
0x000007feff290000 - 0x000007feff35a000 	C:\Windows\system32\USP10.dll
0x000007fefbaa0000 - 0x000007fefbc94000 	C:\Windows\WinSxS\amd64_microsoft.windows.common-controls_6595b64144ccf1df_6.0.7600.16661_none_fa62ad231704eab7\COMCTL32.dll
0x000007fefd750000 - 0x000007fefd7c1000 	C:\Windows\system32\SHLWAPI.dll
0x000007feff450000 - 0x000007feff47e000 	C:\Windows\system32\IMM32.DLL
0x000007fefd520000 - 0x000007fefd629000 	C:\Windows\system32\MSCTF.dll
0x000000006c620000 - 0x000000006c6f2000 	C:\Program Files\Java\jdk1.8.0_91\jre\bin\msvcr100.dll
0x000000006bc30000 - 0x000000006c4c3000 	C:\Program Files\Java\jdk1.8.0_91\jre\bin\server\jvm.dll
0x000007fefa740000 - 0x000007fefa749000 	C:\Windows\system32\WSOCK32.dll
0x000007feff360000 - 0x000007feff3ad000 	C:\Windows\system32\WS2_32.dll
0x000007fefd720000 - 0x000007fefd728000 	C:\Windows\system32\NSI.dll
0x000007fef9070000 - 0x000007fef90ab000 	C:\Windows\system32\WINMM.dll
0x000007fefc240000 - 0x000007fefc24c000 	C:\Windows\system32\VERSION.dll
0x0000000077330000 - 0x0000000077337000 	C:\Windows\system32\PSAPI.DLL
0x0000000074690000 - 0x000000007469f000 	C:\Program Files\Java\jdk1.8.0_91\jre\bin\verify.dll
0x000000006c830000 - 0x000000006c859000 	C:\Program Files\Java\jdk1.8.0_91\jre\bin\java.dll
0x000000006c810000 - 0x000000006c826000 	C:\Program Files\Java\jdk1.8.0_91\jre\bin\zip.dll
0x000007fefdf20000 - 0x000007fefeca7000 	C:\Windows\system32\SHELL32.dll
0x000007fefd9e0000 - 0x000007fefdbe2000 	C:\Windows\system32\ole32.dll
0x000007fefd0d0000 - 0x000007fefd0df000 	C:\Windows\system32\profapi.dll

VM Arguments:
jvm_args: -Djava.awt.headless=true -Xmx1024M -Dfile.encoding=windows-1256 -Duser.country=US -Duser.language=en -Duser.variant 
java_command: com.android.dx.command.Main --dex --num-threads=4 --output D:\Android projects\ud867-master\FinalProject\app\build\intermediates\pre-dexed\debug\com.google.android.gms-play-services-base-11.0.2_878908c5917e67b3cd3242c1b4592fce37552648.jar D:\Android projects\ud867-master\FinalProject\app\build\intermediates\exploded-aar\com.google.android.gms\play-services-base\11.0.2\jars\classes.jar
java_class_path (initial): D:\sdk2\sdk\build-tools\25.0.2\lib\dx.jar
Launcher Type: SUN_STANDARD

Environment Variables:
PATH=E:\OraHome_2\bin;E:\OraHome_2\Mobile\Server\bin;E:\OraHome_1\bin;E:\OraHome_1\Mobile\Server\bin;D:\OraHome_1\bin;D:\OraHome_1\Mobile\Server\bin;D:\OraHome_3\bin;D:\OraHome_3\Mobile\Server\bin;D:\OraHome_2\bin;D:\OraHome_2\Mobile\Server\bin;c:\Windows\system32\WindowsPowershell\v1.0\ ;C:\Program Files\Java\jdk1.8.0_91\bin;
USERNAME=007
OS=Windows_NT
PROCESSOR_IDENTIFIER=Intel64 Family 6 Model 42 Stepping 7, GenuineIntel



---------------  S Y S T E M  ---------------

OS: Windows 7 , 64 bit Build 7600 (6.1.7600.17135)

CPU:total 4 (2 cores per cpu, 2 threads per core) family 6 model 42 stepping 7, cmov, cx8, fxsr, mmx, sse, sse2, sse3, ssse3, sse4.1, sse4.2, popcnt, clmul, ht, tsc, tscinvbit

Memory: 4k page, physical 1967472k(47896k free), swap 4917616k(24184k free)

vm_info: Java HotSpot(TM) 64-Bit Server VM (25.91-b15) for windows-amd64 JRE (1.8.0_91-b15), built on May 20 2016 17:43:15 by "java_re" with MS VC++ 10.0 (VS2010)

time: Tue Jul 25 16:02:00 2017
elapsed time: 5 seconds (0d 0h 0m 5s)

