#
# There is insufficient memory for the Java Runtime Environment to continue.
# Native memory allocation (malloc) failed to allocate 564944 bytes for Chunk::new
# Possible reasons:
#   The system is out of physical RAM or swap space
#   In 32 bit mode, the process size limit was hit
# Possible solutions:
#   Reduce memory load on the system
#   Increase physical memory or swap space
#   Check if swap backing store is full
#   Use 64 bit Java on a 64 bit OS
#   Decrease Java heap size (-Xmx/-Xms)
#   Decrease number of Java threads
#   Decrease Java thread stack sizes (-Xss)
#   Set larger code cache with -XX:ReservedCodeCacheSize=
# This output file may be truncated or incomplete.
#
#  Out of Memory Error (allocation.cpp:390), pid=236968, tid=243172
#
# JRE version: Java(TM) SE Runtime Environment (8.0_91-b15) (build 1.8.0_91-b15)
# Java VM: Java HotSpot(TM) 64-Bit Server VM (25.91-b15 mixed mode windows-amd64 compressed oops)
# Failed to write core dump. Minidumps are not enabled by default on client versions of Windows
#

---------------  T H R E A D  ---------------

Current thread (0x0000000056890000):  JavaThread "C2 CompilerThread1" daemon [_thread_in_native, id=243172, stack(0x0000000057100000,0x0000000057200000)]

Stack: [0x0000000057100000,0x0000000057200000]
[error occurred during error reporting (printing stack bounds), id 0xc0000005]

Native frames: (J=compiled Java code, j=interpreted, Vv=VM code, C=native code)


Current CompileTask:
C2:  59938 2244   !   4       com.android.dx.cf.code.BytecodeArray::parseInstruction (2764 bytes)


---------------  P R O C E S S  ---------------

Java Threads: ( => current thread )
  0x0000000056b08800 JavaThread "pool-1-thread-4" [_thread_blocked, id=242904, stack(0x0000000058e00000,0x0000000058f00000)]
  0x0000000056b07800 JavaThread "pool-1-thread-3" [_thread_blocked, id=242936, stack(0x00000000591e0000,0x00000000592e0000)]
  0x0000000056b0a000 JavaThread "pool-1-thread-2" [_thread_blocked, id=242956, stack(0x0000000059070000,0x0000000059170000)]
  0x0000000056ae4000 JavaThread "pool-2-thread-1" [_thread_blocked, id=243000, stack(0x0000000058f40000,0x0000000059040000)]
  0x0000000056ae3000 JavaThread "pool-1-thread-1" [_thread_in_Java, id=242964, stack(0x0000000058c50000,0x0000000058d50000)]
  0x0000000056894800 JavaThread "Service Thread" daemon [_thread_blocked, id=243132, stack(0x0000000057290000,0x0000000057390000)]
  0x0000000056890800 JavaThread "C1 CompilerThread2" daemon [_thread_blocked, id=243160, stack(0x00000000565c0000,0x00000000566c0000)]
=>0x0000000056890000 JavaThread "C2 CompilerThread1" daemon [_thread_in_native, id=243172, stack(0x0000000057100000,0x0000000057200000)]
  0x0000000056834000 JavaThread "C2 CompilerThread0" daemon [_thread_blocked, id=243168, stack(0x0000000056fc0000,0x00000000570c0000)]
  0x0000000056830800 JavaThread "Attach Listener" daemon [_thread_blocked, id=243176, stack(0x0000000056e10000,0x0000000056f10000)]
  0x000000005532b000 JavaThread "Signal Dispatcher" daemon [_thread_blocked, id=241780, stack(0x0000000056ca0000,0x0000000056da0000)]
  0x0000000055319000 JavaThread "Finalizer" daemon [_thread_blocked, id=242736, stack(0x0000000056730000,0x0000000056830000)]
  0x00000000552d2000 JavaThread "Reference Handler" daemon [_thread_blocked, id=241900, stack(0x00000000564b0000,0x00000000565b0000)]
  0x00000000023ae000 JavaThread "main" [_thread_blocked, id=241988, stack(0x0000000002640000,0x0000000002740000)]

Other Threads:
  0x00000000552ca800 VMThread [stack: 0x0000000056280000,0x0000000056380000] [id=241920]
  0x00000000568bb800 WatcherThread [stack: 0x0000000056380000,0x0000000056480000] [id=243164]

VM state:not at safepoint (normal execution)

VM Mutex/Monitor currently owned by a thread: None

Heap:
 PSYoungGen      total 132096K, used 48506K [0x00000000eab00000, 0x00000000f4e00000, 0x0000000100000000)
  eden space 116736K, 28% used [0x00000000eab00000,0x00000000ecb66938,0x00000000f1d00000)
  from space 15360K, 99% used [0x00000000f3f00000,0x00000000f4df8010,0x00000000f4e00000)
  to   space 18944K, 0% used [0x00000000f2900000,0x00000000f2900000,0x00000000f3b80000)
 ParOldGen       total 41984K, used 22826K [0x00000000c0000000, 0x00000000c2900000, 0x00000000eab00000)
  object space 41984K, 54% used [0x00000000c0000000,0x00000000c164a8b0,0x00000000c2900000)
 Metaspace       used 6565K, capacity 7256K, committed 7424K, reserved 1056768K
  class space    used 626K, capacity 656K, committed 768K, reserved 1048576K

Card table byte_map: [0x0000000011dd0000,0x0000000011fe0000] byte_map_base: 0x00000000117d0000

Marking Bits: (ParMarkBitMap*) 0x000000006c442f70
 Begin Bits: [0x0000000012740000, 0x0000000013740000)
 End Bits:   [0x0000000013740000, 0x0000000014740000)

Polling page: 0x0000000000330000

CodeCache: size=245760Kb used=11369Kb max_used=11369Kb free=234390Kb
 bounds [0x0000000002a10000, 0x0000000003540000, 0x0000000011a10000]
 total_blobs=2500 nmethods=2233 adapters=180
 compilation: enabled

Compilation events (10 events):
Event: 59.587 Thread 0x0000000056834000 2242       4       java.lang.Character::forDigit (42 bytes)
Event: 59.589 Thread 0x0000000056834000 nmethod 2242 0x0000000003504910 code [0x0000000003504a40, 0x0000000003504af8]
Event: 59.589 Thread 0x0000000056890800 nmethod 2241 0x0000000003506190 code [0x00000000035063e0, 0x00000000035075a8]
Event: 59.589 Thread 0x0000000056890800 2243       3       com.android.dx.cf.direct.AnnotationParser::parseValue (805 bytes)
Event: 59.597 Thread 0x0000000056890000 2244   !   4       com.android.dx.cf.code.BytecodeArray::parseInstruction (2764 bytes)
Event: 59.612 Thread 0x0000000056890800 nmethod 2243 0x0000000003508d50 code [0x0000000003509c80, 0x0000000003514cc8]
Event: 59.642 Thread 0x0000000056890800 2245       3       com.android.dx.cf.code.Simulator::access$200 (6 bytes)
Event: 59.643 Thread 0x0000000056890800 nmethod 2245 0x0000000003505e10 code [0x0000000003505f80, 0x00000000035060e8]
Event: 59.645 Thread 0x0000000056890800 2246       3       com.android.dx.cf.code.ExecutionStack::peekType (11 bytes)
Event: 59.646 Thread 0x0000000056890800 nmethod 2246 0x0000000003505910 code [0x0000000003505a80, 0x0000000003505d38]

GC Heap History (10 events):
Event: 19.563 GC heap before
{Heap before GC invocations=5 (full 0):
 PSYoungGen      total 35840K, used 35824K [0x00000000eab00000, 0x00000000ecf00000, 0x0000000100000000)
  eden space 34816K, 100% used [0x00000000eab00000,0x00000000ecd00000,0x00000000ecd00000)
  from space 1024K, 98% used [0x00000000ece00000,0x00000000ecefc028,0x00000000ecf00000)
  to   space 1024K, 0% used [0x00000000ecd00000,0x00000000ecd00000,0x00000000ece00000)
 ParOldGen       total 22016K, used 4165K [0x00000000c0000000, 0x00000000c1580000, 0x00000000eab00000)
  object space 22016K, 18% used [0x00000000c0000000,0x00000000c0411718,0x00000000c1580000)
 Metaspace       used 6289K, capacity 7090K, committed 7296K, reserved 1056768K
  class space    used 605K, capacity 618K, committed 640K, reserved 1048576K
Event: 19.609 GC heap after
Heap after GC invocations=5 (full 0):
 PSYoungGen      total 35840K, used 1024K [0x00000000eab00000, 0x00000000efe00000, 0x0000000100000000)
  eden space 34816K, 0% used [0x00000000eab00000,0x00000000eab00000,0x00000000ecd00000)
  from space 1024K, 100% used [0x00000000ecd00000,0x00000000ece00000,0x00000000ece00000)
  to   space 7680K, 0% used [0x00000000ef680000,0x00000000ef680000,0x00000000efe00000)
 ParOldGen       total 22016K, used 10101K [0x00000000c0000000, 0x00000000c1580000, 0x00000000eab00000)
  object space 22016K, 45% used [0x00000000c0000000,0x00000000c09dd718,0x00000000c1580000)
 Metaspace       used 6289K, capacity 7090K, committed 7296K, reserved 1056768K
  class space    used 605K, capacity 618K, committed 640K, reserved 1048576K
}
Event: 29.708 GC heap before
{Heap before GC invocations=6 (full 0):
 PSYoungGen      total 35840K, used 35840K [0x00000000eab00000, 0x00000000efe00000, 0x0000000100000000)
  eden space 34816K, 100% used [0x00000000eab00000,0x00000000ecd00000,0x00000000ecd00000)
  from space 1024K, 100% used [0x00000000ecd00000,0x00000000ece00000,0x00000000ece00000)
  to   space 7680K, 0% used [0x00000000ef680000,0x00000000ef680000,0x00000000efe00000)
 ParOldGen       total 22016K, used 10101K [0x00000000c0000000, 0x00000000c1580000, 0x00000000eab00000)
  object space 22016K, 45% used [0x00000000c0000000,0x00000000c09dd718,0x00000000c1580000)
 Metaspace       used 6333K, capacity 7154K, committed 7296K, reserved 1056768K
  class space    used 605K, capacity 618K, committed 640K, reserved 1048576K
Event: 30.667 GC heap after
Heap after GC invocations=6 (full 0):
 PSYoungGen      total 75776K, used 6902K [0x00000000eab00000, 0x00000000f0100000, 0x0000000100000000)
  eden space 68096K, 0% used [0x00000000eab00000,0x00000000eab00000,0x00000000eed80000)
  from space 7680K, 89% used [0x00000000ef680000,0x00000000efd3d9d0,0x00000000efe00000)
  to   space 9216K, 0% used [0x00000000eed80000,0x00000000eed80000,0x00000000ef680000)
 ParOldGen       total 22016K, used 10101K [0x00000000c0000000, 0x00000000c1580000, 0x00000000eab00000)
  object space 22016K, 45% used [0x00000000c0000000,0x00000000c09dd718,0x00000000c1580000)
 Metaspace       used 6333K, capacity 7154K, committed 7296K, reserved 1056768K
  class space    used 605K, capacity 618K, committed 640K, reserved 1048576K
}
Event: 50.361 GC heap before
{Heap before GC invocations=7 (full 0):
 PSYoungGen      total 75776K, used 74998K [0x00000000eab00000, 0x00000000f0100000, 0x0000000100000000)
  eden space 68096K, 100% used [0x00000000eab00000,0x00000000eed80000,0x00000000eed80000)
  from space 7680K, 89% used [0x00000000ef680000,0x00000000efd3d9d0,0x00000000efe00000)
  to   space 9216K, 0% used [0x00000000eed80000,0x00000000eed80000,0x00000000ef680000)
 ParOldGen       total 22016K, used 10101K [0x00000000c0000000, 0x00000000c1580000, 0x00000000eab00000)
  object space 22016K, 45% used [0x00000000c0000000,0x00000000c09dd718,0x00000000c1580000)
 Metaspace       used 6485K, capacity 7192K, committed 7424K, reserved 1056768K
  class space    used 626K, capacity 656K, committed 768K, reserved 1048576K
Event: 50.462 GC heap after
Heap after GC invocations=7 (full 0):
 PSYoungGen      total 77312K, used 9187K [0x00000000eab00000, 0x00000000f4e00000, 0x0000000100000000)
  eden space 68096K, 0% used [0x00000000eab00000,0x00000000eab00000,0x00000000eed80000)
  from space 9216K, 99% used [0x00000000eed80000,0x00000000ef678cf8,0x00000000ef680000)
  to   space 15360K, 0% used [0x00000000f3f00000,0x00000000f3f00000,0x00000000f4e00000)
 ParOldGen       total 22016K, used 18244K [0x00000000c0000000, 0x00000000c1580000, 0x00000000eab00000)
  object space 22016K, 82% used [0x00000000c0000000,0x00000000c11d1310,0x00000000c1580000)
 Metaspace       used 6485K, capacity 7192K, committed 7424K, reserved 1056768K
  class space    used 626K, capacity 656K, committed 768K, reserved 1048576K
}
Event: 50.462 GC heap before
{Heap before GC invocations=8 (full 1):
 PSYoungGen      total 77312K, used 9187K [0x00000000eab00000, 0x00000000f4e00000, 0x0000000100000000)
  eden space 68096K, 0% used [0x00000000eab00000,0x00000000eab00000,0x00000000eed80000)
  from space 9216K, 99% used [0x00000000eed80000,0x00000000ef678cf8,0x00000000ef680000)
  to   space 15360K, 0% used [0x00000000f3f00000,0x00000000f3f00000,0x00000000f4e00000)
 ParOldGen       total 22016K, used 18244K [0x00000000c0000000, 0x00000000c1580000, 0x00000000eab00000)
  object space 22016K, 82% used [0x00000000c0000000,0x00000000c11d1310,0x00000000c1580000)
 Metaspace       used 6485K, capacity 7192K, committed 7424K, reserved 1056768K
  class space    used 626K, capacity 656K, committed 768K, reserved 1048576K
Event: 51.383 GC heap after
Heap after GC invocations=8 (full 1):
 PSYoungGen      total 77312K, used 4567K [0x00000000eab00000, 0x00000000f4e00000, 0x0000000100000000)
  eden space 68096K, 0% used [0x00000000eab00000,0x00000000eab00000,0x00000000eed80000)
  from space 9216K, 49% used [0x00000000eed80000,0x00000000ef1f5fd0,0x00000000ef680000)
  to   space 15360K, 0% used [0x00000000f3f00000,0x00000000f3f00000,0x00000000f4e00000)
 ParOldGen       total 41984K, used 21827K [0x00000000c0000000, 0x00000000c2900000, 0x00000000eab00000)
  object space 41984K, 51% used [0x00000000c0000000,0x00000000c1550de8,0x00000000c2900000)
 Metaspace       used 6485K, capacity 7192K, committed 7424K, reserved 1056768K
  class space    used 626K, capacity 656K, committed 768K, reserved 1048576K
}
Event: 59.224 GC heap before
{Heap before GC invocations=9 (full 1):
 PSYoungGen      total 77312K, used 72663K [0x00000000eab00000, 0x00000000f4e00000, 0x0000000100000000)
  eden space 68096K, 100% used [0x00000000eab00000,0x00000000eed80000,0x00000000eed80000)
  from space 9216K, 49% used [0x00000000eed80000,0x00000000ef1f5fd0,0x00000000ef680000)
  to   space 15360K, 0% used [0x00000000f3f00000,0x00000000f3f00000,0x00000000f4e00000)
 ParOldGen       total 41984K, used 21827K [0x00000000c0000000, 0x00000000c2900000, 0x00000000eab00000)
  object space 41984K, 51% used [0x00000000c0000000,0x00000000c1550de8,0x00000000c2900000)
 Metaspace       used 6526K, capacity 7256K, committed 7424K, reserved 1056768K
  class space    used 626K, capacity 656K, committed 768K, reserved 1048576K
Event: 59.337 GC heap after
Heap after GC invocations=9 (full 1):
 PSYoungGen      total 132096K, used 15328K [0x00000000eab00000, 0x00000000f4e00000, 0x0000000100000000)
  eden space 116736K, 0% used [0x00000000eab00000,0x00000000eab00000,0x00000000f1d00000)
  from space 15360K, 99% used [0x00000000f3f00000,0x00000000f4df8010,0x00000000f4e00000)
  to   space 18944K, 0% used [0x00000000f2900000,0x00000000f2900000,0x00000000f3b80000)
 ParOldGen       total 41984K, used 22826K [0x00000000c0000000, 0x00000000c2900000, 0x00000000eab00000)
  object space 41984K, 54% used [0x00000000c0000000,0x00000000c164a8b0,0x00000000c2900000)
 Metaspace       used 6526K, capacity 7256K, committed 7424K, reserved 1056768K
  class space    used 626K, capacity 656K, committed 768K, reserved 1048576K
}

Deoptimization events (10 events):
Event: 50.265 Thread 0x0000000056b0a000 Uncommon trap: reason=unstable_if action=reinterpret pc=0x0000000002eb4318 method=java.util.HashMap.putVal(ILjava/lang/Object;Ljava/lang/Object;ZZ)Ljava/lang/Object; @ 162
Event: 51.540 Thread 0x0000000056b0a000 Uncommon trap: reason=unstable_if action=reinterpret pc=0x00000000031e7708 method=com.android.dx.cf.code.BaseMachine.popArgs(Lcom/android/dx/cf/code/Frame;I)V @ 15
Event: 52.471 Thread 0x0000000056ae3000 Uncommon trap: reason=unstable_if action=reinterpret pc=0x000000000341eadc method=java.util.HashMap.putVal(ILjava/lang/Object;Ljava/lang/Object;ZZ)Ljava/lang/Object; @ 109
Event: 52.481 Thread 0x0000000056b08800 Uncommon trap: reason=bimorphic action=maybe_recompile pc=0x000000000304adb0 method=com.android.dx.ssa.SCCP.simulatePhi(Lcom/android/dx/ssa/PhiInsn;)V @ 124
Event: 52.482 Thread 0x0000000056b08800 Uncommon trap: reason=bimorphic action=maybe_recompile pc=0x000000000304adb0 method=com.android.dx.ssa.SCCP.simulatePhi(Lcom/android/dx/ssa/PhiInsn;)V @ 124
Event: 54.937 Thread 0x0000000056b07800 Uncommon trap: reason=unstable_if action=reinterpret pc=0x00000000033873c0 method=com.android.dx.dex.file.DexFile.internIfAppropriate(Lcom/android/dx/rop/cst/Constant;)V @ 92
Event: 59.585 Thread 0x0000000056b0a000 Uncommon trap: reason=bimorphic action=maybe_recompile pc=0x00000000033cb808 method=com.android.dx.cf.code.BytecodeArray.parseInstruction(ILcom/android/dx/cf/code/BytecodeArray$Visitor;)I @ 1003
Event: 59.585 Thread 0x0000000056b0a000 Uncommon trap: reason=bimorphic action=maybe_recompile pc=0x00000000033cb808 method=com.android.dx.cf.code.BytecodeArray.parseInstruction(ILcom/android/dx/cf/code/BytecodeArray$Visitor;)I @ 1003
Event: 59.586 Thread 0x0000000056b0a000 Uncommon trap: reason=unstable_if action=reinterpret pc=0x0000000003093ad8 method=java.util.HashMap.resize()[Ljava/util/HashMap$Node; @ 206
Event: 59.642 Thread 0x0000000056b0a000 Uncommon trap: reason=unstable_if action=reinterpret pc=0x00000000034bc7e4 method=com.android.dx.cf.code.Simulator$SimVisitor.visitNoArgs(IIILcom/android/dx/rop/type/Type;)V @ 1291

Internal exceptions (10 events):
Event: 25.920 Thread 0x0000000056b0a000 Implicit null exception at 0x0000000002e12b12 to 0x0000000002e12c02
Event: 31.430 Thread 0x0000000056b07800 Exception <a 'java/lang/ArrayIndexOutOfBoundsException': 18> (0x00000000eb3fd7a8) thrown at [C:\re\workspace\8-2-build-windows-amd64-cygwin\jdk8u91\7017\hotspot\src\share\vm\interpreter\interpreterRuntime.cpp, line 366]
Event: 31.431 Thread 0x0000000056b07800 Exception <a 'java/lang/ArrayIndexOutOfBoundsException'> (0x00000000eb3ff328) thrown at [C:\re\workspace\8-2-build-windows-amd64-cygwin\jdk8u91\7017\hotspot\src\share\vm\runtime\sharedRuntime.cpp, line 605]
Event: 31.433 Thread 0x0000000056b07800 Exception <a 'java/lang/ArrayIndexOutOfBoundsException'> (0x00000000eb400610) thrown at [C:\re\workspace\8-2-build-windows-amd64-cygwin\jdk8u91\7017\hotspot\src\share\vm\runtime\sharedRuntime.cpp, line 605]
Event: 49.958 Thread 0x0000000056ae3000 Implicit null exception at 0x000000000330bcb7 to 0x000000000330cf15
Event: 49.958 Thread 0x0000000056ae3000 Implicit null exception at 0x00000000032b7c55 to 0x00000000032b8995
Event: 49.959 Thread 0x0000000056ae3000 Implicit null exception at 0x000000000329627f to 0x00000000032963d9
Event: 49.959 Thread 0x0000000056ae3000 Implicit null exception at 0x000000000312f5a0 to 0x0000000003130135
Event: 49.959 Thread 0x0000000056ae3000 Implicit null exception at 0x0000000003326b13 to 0x0000000003326c85
Event: 49.960 Thread 0x0000000056ae3000 Implicit null exception at 0x000000000309f035 to 0x00000000030a1671

Events (10 events):
Event: 59.585 Thread 0x0000000056b0a000 DEOPT UNPACKING pc=0x0000000002a5582a sp=0x000000005916ead8 mode 2
Event: 59.585 Thread 0x0000000056b0a000 Uncommon trap: trap_request=0xffffffc6 fr.pc=0x00000000033cb808
Event: 59.585 Thread 0x0000000056b0a000 DEOPT PACKING pc=0x00000000033cb808 sp=0x000000005916ec00
Event: 59.585 Thread 0x0000000056b0a000 DEOPT UNPACKING pc=0x0000000002a5582a sp=0x000000005916eb88 mode 2
Event: 59.586 Thread 0x0000000056b0a000 Uncommon trap: trap_request=0xffffff65 fr.pc=0x0000000003093ad8
Event: 59.586 Thread 0x0000000056b0a000 DEOPT PACKING pc=0x0000000003093ad8 sp=0x000000005916eb00
Event: 59.586 Thread 0x0000000056b0a000 DEOPT UNPACKING pc=0x0000000002a5582a sp=0x000000005916ea68 mode 2
Event: 59.642 Thread 0x0000000056b0a000 Uncommon trap: trap_request=0xffffff65 fr.pc=0x00000000034bc7e4
Event: 59.642 Thread 0x0000000056b0a000 DEOPT PACKING pc=0x00000000034bc7e4 sp=0x000000005916ec60
Event: 59.642 Thread 0x0000000056b0a000 DEOPT UNPACKING pc=0x0000000002a5582a sp=0x000000005916ec40 mode 2


Dynamic libraries:
0x000000013fd20000 - 0x000000013fd57000 	C:\Program Files\Java\jdk1.8.0_91\bin\java.exe
0x0000000077170000 - 0x000000007731c000 	C:\Windows\SYSTEM32\ntdll.dll
0x0000000077050000 - 0x000000007716f000 	C:\Windows\system32\kernel32.dll
0x000007fefd280000 - 0x000007fefd2ec000 	C:\Windows\system32\KERNELBASE.dll
0x000007fefd900000 - 0x000007fefd9db000 	C:\Windows\system32\ADVAPI32.dll
0x000007feff3b0000 - 0x000007feff44f000 	C:\Windows\system32\msvcrt.dll
0x000007fefd730000 - 0x000007fefd74f000 	C:\Windows\SYSTEM32\sechost.dll
0x000007fefddf0000 - 0x000007fefdf1e000 	C:\Windows\system32\RPCRT4.dll
0x0000000076f50000 - 0x000000007704a000 	C:\Windows\system32\USER32.dll
0x000007fefd4a0000 - 0x000007fefd507000 	C:\Windows\system32\GDI32.dll
0x000007fefd510000 - 0x000007fefd51e000 	C:\Windows\system32\LPK.dll
0x000007feff290000 - 0x000007feff35a000 	C:\Windows\system32\USP10.dll
0x000007fefbaa0000 - 0x000007fefbc94000 	C:\Windows\WinSxS\amd64_microsoft.windows.common-controls_6595b64144ccf1df_6.0.7600.16661_none_fa62ad231704eab7\COMCTL32.dll
0x000007fefd750000 - 0x000007fefd7c1000 	C:\Windows\system32\SHLWAPI.dll
0x000007feff450000 - 0x000007feff47e000 	C:\Windows\system32\IMM32.DLL
0x000007fefd520000 - 0x000007fefd629000 	C:\Windows\system32\MSCTF.dll
0x000000006c620000 - 0x000000006c6f2000 	C:\Program Files\Java\jdk1.8.0_91\jre\bin\msvcr100.dll
0x000000006bc30000 - 0x000000006c4c3000 	C:\Program Files\Java\jdk1.8.0_91\jre\bin\server\jvm.dll
0x000007fefa740000 - 0x000007fefa749000 	C:\Windows\system32\WSOCK32.dll
0x000007feff360000 - 0x000007feff3ad000 	C:\Windows\system32\WS2_32.dll
0x000007fefd720000 - 0x000007fefd728000 	C:\Windows\system32\NSI.dll
0x000007fef9070000 - 0x000007fef90ab000 	C:\Windows\system32\WINMM.dll
0x000007fefc240000 - 0x000007fefc24c000 	C:\Windows\system32\VERSION.dll
0x0000000077330000 - 0x0000000077337000 	C:\Windows\system32\PSAPI.DLL
0x0000000074690000 - 0x000000007469f000 	C:\Program Files\Java\jdk1.8.0_91\jre\bin\verify.dll
0x000000006c830000 - 0x000000006c859000 	C:\Program Files\Java\jdk1.8.0_91\jre\bin\java.dll
0x000000006c810000 - 0x000000006c826000 	C:\Program Files\Java\jdk1.8.0_91\jre\bin\zip.dll
0x000007fefdf20000 - 0x000007fefeca7000 	C:\Windows\system32\SHELL32.dll
0x000007fefd9e0000 - 0x000007fefdbe2000 	C:\Windows\system32\ole32.dll
0x000007fefd0d0000 - 0x000007fefd0df000 	C:\Windows\system32\profapi.dll

VM Arguments:
jvm_args: -Djava.awt.headless=true -Xmx1024M -Dfile.encoding=windows-1256 -Duser.country=US -Duser.language=en -Duser.variant 
java_command: com.android.dx.command.Main --dex --num-threads=4 --output D:\Android projects\ud867-master\FinalProject\app\build\intermediates\pre-dexed\debug\guava-jdk5-13.0_4afb02527cf3d38f2763ebfa592ec6792683b6b7.jar D:\gradle-3.3-all\caches\modules-2\files-2.1\com.google.guava\guava-jdk5\13.0\381ae6c8add7c98e9bcddb1e0b898400cd6fc3f7\guava-jdk5-13.0.jar
java_class_path (initial): D:\sdk2\sdk\build-tools\25.0.2\lib\dx.jar
Launcher Type: SUN_STANDARD

Environment Variables:
PATH=E:\OraHome_2\bin;E:\OraHome_2\Mobile\Server\bin;E:\OraHome_1\bin;E:\OraHome_1\Mobile\Server\bin;D:\OraHome_1\bin;D:\OraHome_1\Mobile\Server\bin;D:\OraHome_3\bin;D:\OraHome_3\Mobile\Server\bin;D:\OraHome_2\bin;D:\OraHome_2\Mobile\Server\bin;c:\Windows\system32\WindowsPowershell\v1.0\ ;C:\Program Files\Java\jdk1.8.0_91\bin;
USERNAME=007
OS=Windows_NT
PROCESSOR_IDENTIFIER=Intel64 Family 6 Model 42 Stepping 7, GenuineIntel



---------------  S Y S T E M  ---------------

OS: Windows 7 , 64 bit Build 7600 (6.1.7600.17135)

CPU:total 4 (2 cores per cpu, 2 threads per core) family 6 model 42 stepping 7, cmov, cx8, fxsr, mmx, sse, sse2, sse3, ssse3, sse4.1, sse4.2, popcnt, clmul, ht, tsc, tscinvbit

Memory: 4k page, physical 1967472k(24316k free), swap 4917616k(5072k free)

vm_info: Java HotSpot(TM) 64-Bit Server VM (25.91-b15) for windows-amd64 JRE (1.8.0_91-b15), built on May 20 2016 17:43:15 by "java_re" with MS VC++ 10.0 (VS2010)

time: Tue Jul 25 16:02:00 2017
elapsed time: 59 seconds (0d 0h 0m 59s)

