#
# There is insufficient memory for the Java Runtime Environment to continue.
# Native memory allocation (malloc) failed to allocate 77696 bytes for Chunk::new
# Possible reasons:
#   The system is out of physical RAM or swap space
#   In 32 bit mode, the process size limit was hit
# Possible solutions:
#   Reduce memory load on the system
#   Increase physical memory or swap space
#   Check if swap backing store is full
#   Use 64 bit Java on a 64 bit OS
#   Decrease Java heap size (-Xmx/-Xms)
#   Decrease number of Java threads
#   Decrease Java thread stack sizes (-Xss)
#   Set larger code cache with -XX:ReservedCodeCacheSize=
# This output file may be truncated or incomplete.
#
#  Out of Memory Error (allocation.cpp:390), pid=241924, tid=243600
#
# JRE version: Java(TM) SE Runtime Environment (8.0_91-b15) (build 1.8.0_91-b15)
# Java VM: Java HotSpot(TM) 64-Bit Server VM (25.91-b15 mixed mode windows-amd64 compressed oops)
# Failed to write core dump. Minidumps are not enabled by default on client versions of Windows
#

---------------  T H R E A D  ---------------

Current thread (0x000000005670d000):  JavaThread "C2 CompilerThread1" daemon [_thread_in_native, id=243600, stack(0x0000000056bf0000,0x0000000056cf0000)]

Stack: [0x0000000056bf0000,0x0000000056cf0000]
[error occurred during error reporting (printing stack bounds), id 0xc0000005]

Native frames: (J=compiled Java code, j=interpreted, Vv=VM code, C=native code)


Current CompileTask:
C2:   6605 1280       4       java.util.TreeMap::getEntry (84 bytes)


---------------  P R O C E S S  ---------------

Java Threads: ( => current thread )
  0x0000000056713000 JavaThread "Service Thread" daemon [_thread_blocked, id=243576, stack(0x0000000057000000,0x0000000057100000)]
  0x000000005670e000 JavaThread "C1 CompilerThread2" daemon [_thread_blocked, id=242612, stack(0x00000000571b0000,0x00000000572b0000)]
=>0x000000005670d000 JavaThread "C2 CompilerThread1" daemon [_thread_in_native, id=243600, stack(0x0000000056bf0000,0x0000000056cf0000)]
  0x00000000566b3800 JavaThread "C2 CompilerThread0" daemon [_thread_in_native, id=243648, stack(0x0000000056ed0000,0x0000000056fd0000)]
  0x000000005525c800 JavaThread "Attach Listener" daemon [_thread_blocked, id=243644, stack(0x0000000056d60000,0x0000000056e60000)]
  0x00000000566bc000 JavaThread "Signal Dispatcher" daemon [_thread_blocked, id=243640, stack(0x0000000056ad0000,0x0000000056bd0000)]
  0x0000000055249000 JavaThread "Finalizer" daemon [_thread_blocked, id=242696, stack(0x00000000565b0000,0x00000000566b0000)]
  0x0000000055201800 JavaThread "Reference Handler" daemon [_thread_blocked, id=241720, stack(0x00000000562b0000,0x00000000563b0000)]
  0x000000000033e000 JavaThread "main" [_thread_in_native, id=241880, stack(0x00000000027a0000,0x00000000028a0000)]

Other Threads:
  0x00000000551fa000 VMThread [stack: 0x0000000056440000,0x0000000056540000] [id=242328]
  0x0000000056779800 WatcherThread [stack: 0x00000000573b0000,0x00000000574b0000] [id=243524]

VM state:not at safepoint (normal execution)

VM Mutex/Monitor currently owned by a thread: None

Heap:
 PSYoungGen      total 18432K, used 4285K [0x00000000eab00000, 0x00000000ebe00000, 0x0000000100000000)
  eden space 17408K, 18% used [0x00000000eab00000,0x00000000eae33550,0x00000000ebc00000)
  from space 1024K, 98% used [0x00000000ebc00000,0x00000000ebcfc038,0x00000000ebd00000)
  to   space 1024K, 0% used [0x00000000ebd00000,0x00000000ebd00000,0x00000000ebe00000)
 ParOldGen       total 22016K, used 6000K [0x00000000c0000000, 0x00000000c1580000, 0x00000000eab00000)
  object space 22016K, 27% used [0x00000000c0000000,0x00000000c05dc348,0x00000000c1580000)
 Metaspace       used 6475K, capacity 7320K, committed 7680K, reserved 1060864K
  class space    used 626K, capacity 656K, committed 768K, reserved 1048576K

Card table byte_map: [0x0000000011f30000,0x0000000012140000] byte_map_base: 0x0000000011930000

Marking Bits: (ParMarkBitMap*) 0x000000006c442f70
 Begin Bits: [0x0000000012670000, 0x0000000013670000)
 End Bits:   [0x0000000013670000, 0x0000000014670000)

Polling page: 0x0000000000130000

CodeCache: size=245760Kb used=5970Kb max_used=5970Kb free=239789Kb
 bounds [0x0000000002b70000, 0x0000000003150000, 0x0000000011b70000]
 total_blobs=1813 nmethods=1546 adapters=181
 compilation: enabled

Compilation events (10 events):
Event: 5.490 Thread 0x000000005670d000 1280       4       java.util.TreeMap::getEntry (84 bytes)
Event: 5.491 Thread 0x000000005670e000 1285       3       com.android.dx.dex.file.EncodedMethod::compareTo (9 bytes)
Event: 5.492 Thread 0x000000005670e000 nmethod 1285 0x0000000003095710 code [0x0000000003095880, 0x0000000003095c48]
Event: 5.492 Thread 0x000000005670e000 1286       3       java.util.Arrays$LegacyMergeSort::access$000 (4 bytes)
Event: 5.492 Thread 0x000000005670e000 nmethod 1286 0x000000000307d3d0 code [0x000000000307d520, 0x000000000307d650]
Event: 5.492 Thread 0x000000005670e000 1287       3       java.util.ArrayList::sort (48 bytes)
Event: 5.493 Thread 0x000000005670e000 nmethod 1287 0x0000000003084510 code [0x0000000003084680, 0x00000000030848d8]
Event: 5.493 Thread 0x000000005670e000 1288       3       java.util.Arrays::sort (47 bytes)
Event: 5.494 Thread 0x000000005670e000 nmethod 1288 0x000000000307fa90 code [0x000000000307fc40, 0x0000000003080098]
Event: 5.494 Thread 0x000000005670e000 1284  s    3       com.android.dx.dex.file.FieldIdsSection::intern (55 bytes)

GC Heap History (6 events):
Event: 2.147 GC heap before
{Heap before GC invocations=1 (full 0):
 PSYoungGen      total 9728K, used 8704K [0x00000000eab00000, 0x00000000eb580000, 0x0000000100000000)
  eden space 8704K, 100% used [0x00000000eab00000,0x00000000eb380000,0x00000000eb380000)
  from space 1024K, 0% used [0x00000000eb480000,0x00000000eb480000,0x00000000eb580000)
  to   space 1024K, 0% used [0x00000000eb380000,0x00000000eb380000,0x00000000eb480000)
 ParOldGen       total 22016K, used 0K [0x00000000c0000000, 0x00000000c1580000, 0x00000000eab00000)
  object space 22016K, 0% used [0x00000000c0000000,0x00000000c0000000,0x00000000c1580000)
 Metaspace       used 5315K, capacity 6320K, committed 6528K, reserved 1056768K
  class space    used 581K, capacity 616K, committed 640K, reserved 1048576K
Event: 2.193 GC heap after
Heap after GC invocations=1 (full 0):
 PSYoungGen      total 9728K, used 999K [0x00000000eab00000, 0x00000000ebe00000, 0x0000000100000000)
  eden space 8704K, 0% used [0x00000000eab00000,0x00000000eab00000,0x00000000eb380000)
  from space 1024K, 97% used [0x00000000eb380000,0x00000000eb479c70,0x00000000eb480000)
  to   space 1024K, 0% used [0x00000000ebd00000,0x00000000ebd00000,0x00000000ebe00000)
 ParOldGen       total 22016K, used 1772K [0x00000000c0000000, 0x00000000c1580000, 0x00000000eab00000)
  object space 22016K, 8% used [0x00000000c0000000,0x00000000c01bb008,0x00000000c1580000)
 Metaspace       used 5315K, capacity 6320K, committed 6528K, reserved 1056768K
  class space    used 581K, capacity 616K, committed 640K, reserved 1048576K
}
Event: 3.228 GC heap before
{Heap before GC invocations=2 (full 0):
 PSYoungGen      total 9728K, used 9703K [0x00000000eab00000, 0x00000000ebe00000, 0x0000000100000000)
  eden space 8704K, 100% used [0x00000000eab00000,0x00000000eb380000,0x00000000eb380000)
  from space 1024K, 97% used [0x00000000eb380000,0x00000000eb479c70,0x00000000eb480000)
  to   space 1024K, 0% used [0x00000000ebd00000,0x00000000ebd00000,0x00000000ebe00000)
 ParOldGen       total 22016K, used 1772K [0x00000000c0000000, 0x00000000c1580000, 0x00000000eab00000)
  object space 22016K, 8% used [0x00000000c0000000,0x00000000c01bb008,0x00000000c1580000)
 Metaspace       used 5853K, capacity 6770K, committed 7040K, reserved 1056768K
  class space    used 598K, capacity 618K, committed 640K, reserved 1048576K
Event: 3.244 GC heap after
Heap after GC invocations=2 (full 0):
 PSYoungGen      total 18432K, used 1008K [0x00000000eab00000, 0x00000000ebe00000, 0x0000000100000000)
  eden space 17408K, 0% used [0x00000000eab00000,0x00000000eab00000,0x00000000ebc00000)
  from space 1024K, 98% used [0x00000000ebd00000,0x00000000ebdfc028,0x00000000ebe00000)
  to   space 1024K, 0% used [0x00000000ebc00000,0x00000000ebc00000,0x00000000ebd00000)
 ParOldGen       total 22016K, used 3356K [0x00000000c0000000, 0x00000000c1580000, 0x00000000eab00000)
  object space 22016K, 15% used [0x00000000c0000000,0x00000000c03473f0,0x00000000c1580000)
 Metaspace       used 5853K, capacity 6770K, committed 7040K, reserved 1056768K
  class space    used 598K, capacity 618K, committed 640K, reserved 1048576K
}
Event: 4.338 GC heap before
{Heap before GC invocations=3 (full 0):
 PSYoungGen      total 18432K, used 18416K [0x00000000eab00000, 0x00000000ebe00000, 0x0000000100000000)
  eden space 17408K, 100% used [0x00000000eab00000,0x00000000ebc00000,0x00000000ebc00000)
  from space 1024K, 98% used [0x00000000ebd00000,0x00000000ebdfc028,0x00000000ebe00000)
  to   space 1024K, 0% used [0x00000000ebc00000,0x00000000ebc00000,0x00000000ebd00000)
 ParOldGen       total 22016K, used 3356K [0x00000000c0000000, 0x00000000c1580000, 0x00000000eab00000)
  object space 22016K, 15% used [0x00000000c0000000,0x00000000c03473f0,0x00000000c1580000)
 Metaspace       used 6067K, capacity 6964K, committed 7040K, reserved 1056768K
  class space    used 601K, capacity 620K, committed 640K, reserved 1048576K
Event: 4.614 GC heap after
Heap after GC invocations=3 (full 0):
 PSYoungGen      total 18432K, used 1008K [0x00000000eab00000, 0x00000000ebe00000, 0x0000000100000000)
  eden space 17408K, 0% used [0x00000000eab00000,0x00000000eab00000,0x00000000ebc00000)
  from space 1024K, 98% used [0x00000000ebc00000,0x00000000ebcfc038,0x00000000ebd00000)
  to   space 1024K, 0% used [0x00000000ebd00000,0x00000000ebd00000,0x00000000ebe00000)
 ParOldGen       total 22016K, used 6000K [0x00000000c0000000, 0x00000000c1580000, 0x00000000eab00000)
  object space 22016K, 27% used [0x00000000c0000000,0x00000000c05dc348,0x00000000c1580000)
 Metaspace       used 6067K, capacity 6964K, committed 7040K, reserved 1056768K
  class space    used 601K, capacity 620K, committed 640K, reserved 1048576K
}

Deoptimization events (10 events):
Event: 3.500 Thread 0x000000000033e000 Uncommon trap: reason=unstable_if action=reinterpret pc=0x0000000002f53c94 method=com.android.dx.rop.code.RegisterSpecSet.put(Lcom/android/dx/rop/code/RegisterSpec;)V @ 77
Event: 3.720 Thread 0x0000000056972800 Uncommon trap: reason=unstable_if action=reinterpret pc=0x0000000002f2de84 method=com.android.dx.rop.cst.Constant.compareTo(Lcom/android/dx/rop/cst/Constant;)I @ 12
Event: 4.072 Thread 0x0000000056972800 Uncommon trap: reason=null_check action=make_not_entrant pc=0x0000000002e711b4 method=com.android.dx.ssa.SsaRenamer.getLocalForNewReg(I)Lcom/android/dx/rop/code/LocalItem; @ 19
Event: 4.097 Thread 0x0000000056972800 Uncommon trap: reason=bimorphic action=maybe_recompile pc=0x000000000303303c method=java.util.HashMap.putVal(ILjava/lang/Object;Ljava/lang/Object;ZZ)Ljava/lang/Object; @ 91
Event: 4.219 Thread 0x0000000056962800 Uncommon trap: reason=unstable_if action=reinterpret pc=0x0000000002e38164 method=java.util.BitSet.ensureCapacity(I)V @ 6
Event: 5.485 Thread 0x000000000033e000 Uncommon trap: reason=class_check action=maybe_recompile pc=0x000000000300e948 method=java.util.Arrays.hashCode([Ljava/lang/Object;)I @ 43
Event: 5.485 Thread 0x000000000033e000 Uncommon trap: reason=class_check action=maybe_recompile pc=0x000000000300e948 method=java.util.Arrays.hashCode([Ljava/lang/Object;)I @ 43
Event: 5.489 Thread 0x000000000033e000 Uncommon trap: reason=class_check action=maybe_recompile pc=0x000000000300e948 method=java.util.Arrays.hashCode([Ljava/lang/Object;)I @ 43
Event: 5.489 Thread 0x000000000033e000 Uncommon trap: reason=class_check action=maybe_recompile pc=0x000000000300e948 method=java.util.Arrays.hashCode([Ljava/lang/Object;)I @ 43
Event: 5.489 Thread 0x000000000033e000 Uncommon trap: reason=class_check action=maybe_recompile pc=0x0000000002f9d1b8 method=java.util.Arrays.hashCode([Ljava/lang/Object;)I @ 43

Internal exceptions (3 events):
Event: 0.698 Thread 0x000000000033e000 Exception <a 'java/lang/NoSuchMethodError': Method sun.misc.Unsafe.defineClass(Ljava/lang/String;[BII)Ljava/lang/Class; name or signature does not match> (0x00000000eab07cc0) thrown at [C:\re\workspace\8-2-build-windows-amd64-cygwin\jdk8u91\7017\hotspot\sr0,É*Sæ?
Event: 0.698 Thread 0x000000000033e000 Exception <a 'java/lang/NoSuchMethodError': Method sun.misc.Unsafe.prefetchRead(Ljava/lang/Object;J)V name or signature does not match> (0x00000000eab07fa8) thrown at [C:\re\workspace\8-2-build-windows-amd64-cygwin\jdk8u91\7017\hotspot\src\share\vm\prims\jö ½	J@
Event: 4.072 Thread 0x0000000056972800 Implicit null exception at 0x0000000002e6f8db to 0x0000000002e71169

Events (10 events):
Event: 5.488 loading class com/android/dx/rop/cst/Zeroes done
Event: 5.488 Thread 0x000000000033e000 Uncommon trap: trap_request=0xffffffde fr.pc=0x000000000300e948
Event: 5.489 Thread 0x000000000033e000 DEOPT PACKING pc=0x000000000300e948 sp=0x000000000289ee10
Event: 5.489 Thread 0x000000000033e000 DEOPT UNPACKING pc=0x0000000002bb582a sp=0x000000000289ed40 mode 2
Event: 5.489 Thread 0x000000000033e000 Uncommon trap: trap_request=0xffffffde fr.pc=0x000000000300e948
Event: 5.489 Thread 0x000000000033e000 DEOPT PACKING pc=0x000000000300e948 sp=0x000000000289ede0
Event: 5.489 Thread 0x000000000033e000 DEOPT UNPACKING pc=0x0000000002bb582a sp=0x000000000289ed10 mode 2
Event: 5.489 Thread 0x000000000033e000 Uncommon trap: trap_request=0xffffffde fr.pc=0x0000000002f9d1b8
Event: 5.489 Thread 0x000000000033e000 DEOPT PACKING pc=0x0000000002f9d1b8 sp=0x000000000289ea90
Event: 5.489 Thread 0x000000000033e000 DEOPT UNPACKING pc=0x0000000002bb582a sp=0x000000000289ea18 mode 2


Dynamic libraries:
0x000000013fd20000 - 0x000000013fd57000 	C:\Program Files\Java\jdk1.8.0_91\bin\java.exe
0x0000000077170000 - 0x000000007731c000 	C:\Windows\SYSTEM32\ntdll.dll
0x0000000077050000 - 0x000000007716f000 	C:\Windows\system32\kernel32.dll
0x000007fefd280000 - 0x000007fefd2ec000 	C:\Windows\system32\KERNELBASE.dll
0x000007fefd900000 - 0x000007fefd9db000 	C:\Windows\system32\ADVAPI32.dll
0x000007feff3b0000 - 0x000007feff44f000 	C:\Windows\system32\msvcrt.dll
0x000007fefd730000 - 0x000007fefd74f000 	C:\Windows\SYSTEM32\sechost.dll
0x000007fefddf0000 - 0x000007fefdf1e000 	C:\Windows\system32\RPCRT4.dll
0x0000000076f50000 - 0x000000007704a000 	C:\Windows\system32\USER32.dll
0x000007fefd4a0000 - 0x000007fefd507000 	C:\Windows\system32\GDI32.dll
0x000007fefd510000 - 0x000007fefd51e000 	C:\Windows\system32\LPK.dll
0x000007feff290000 - 0x000007feff35a000 	C:\Windows\system32\USP10.dll
0x000007fefbaa0000 - 0x000007fefbc94000 	C:\Windows\WinSxS\amd64_microsoft.windows.common-controls_6595b64144ccf1df_6.0.7600.16661_none_fa62ad231704eab7\COMCTL32.dll
0x000007fefd750000 - 0x000007fefd7c1000 	C:\Windows\system32\SHLWAPI.dll
0x000007feff450000 - 0x000007feff47e000 	C:\Windows\system32\IMM32.DLL
0x000007fefd520000 - 0x000007fefd629000 	C:\Windows\system32\MSCTF.dll
0x000000006c620000 - 0x000000006c6f2000 	C:\Program Files\Java\jdk1.8.0_91\jre\bin\msvcr100.dll
0x000000006bc30000 - 0x000000006c4c3000 	C:\Program Files\Java\jdk1.8.0_91\jre\bin\server\jvm.dll
0x000007fefa740000 - 0x000007fefa749000 	C:\Windows\system32\WSOCK32.dll
0x000007feff360000 - 0x000007feff3ad000 	C:\Windows\system32\WS2_32.dll
0x000007fefd720000 - 0x000007fefd728000 	C:\Windows\system32\NSI.dll
0x000007fef9070000 - 0x000007fef90ab000 	C:\Windows\system32\WINMM.dll
0x000007fefc240000 - 0x000007fefc24c000 	C:\Windows\system32\VERSION.dll
0x0000000077330000 - 0x0000000077337000 	C:\Windows\system32\PSAPI.DLL
0x0000000074690000 - 0x000000007469f000 	C:\Program Files\Java\jdk1.8.0_91\jre\bin\verify.dll
0x000000006c830000 - 0x000000006c859000 	C:\Program Files\Java\jdk1.8.0_91\jre\bin\java.dll
0x000000006c810000 - 0x000000006c826000 	C:\Program Files\Java\jdk1.8.0_91\jre\bin\zip.dll
0x000007fefdf20000 - 0x000007fefeca7000 	C:\Windows\system32\SHELL32.dll
0x000007fefd9e0000 - 0x000007fefdbe2000 	C:\Windows\system32\ole32.dll
0x000007fefd0d0000 - 0x000007fefd0df000 	C:\Windows\system32\profapi.dll

VM Arguments:
jvm_args: -Djava.awt.headless=true -Xmx1024M -Dfile.encoding=windows-1256 -Duser.country=US -Duser.language=en -Duser.variant 
java_command: com.android.dx.command.Main --dex --num-threads=4 --output D:\Android projects\ud867-master\FinalProject\app\build\intermediates\pre-dexed\debug\google-oauth-client-1.20.0_504229528621e0a640193d0b81dfaedf02569aaa.jar D:\gradle-3.3-all\caches\modules-2\files-2.1\com.google.oauth-client\google-oauth-client\1.20.0\1d086ac5756475ddf451af2e2df6e288d18608ca\google-oauth-client-1.20.0.jar
java_class_path (initial): D:\sdk2\sdk\build-tools\25.0.2\lib\dx.jar
Launcher Type: SUN_STANDARD

Environment Variables:
PATH=E:\OraHome_2\bin;E:\OraHome_2\Mobile\Server\bin;E:\OraHome_1\bin;E:\OraHome_1\Mobile\Server\bin;D:\OraHome_1\bin;D:\OraHome_1\Mobile\Server\bin;D:\OraHome_3\bin;D:\OraHome_3\Mobile\Server\bin;D:\OraHome_2\bin;D:\OraHome_2\Mobile\Server\bin;c:\Windows\system32\WindowsPowershell\v1.0\ ;C:\Program Files\Java\jdk1.8.0_91\bin;
USERNAME=007
OS=Windows_NT
PROCESSOR_IDENTIFIER=Intel64 Family 6 Model 42 Stepping 7, GenuineIntel



---------------  S Y S T E M  ---------------

OS: Windows 7 , 64 bit Build 7600 (6.1.7600.17135)

CPU:total 4 (2 cores per cpu, 2 threads per core) family 6 model 42 stepping 7, cmov, cx8, fxsr, mmx, sse, sse2, sse3, ssse3, sse4.1, sse4.2, popcnt, clmul, ht, tsc, tscinvbit

Memory: 4k page, physical 1967472k(24360k free), swap 4917616k(5112k free)

vm_info: Java HotSpot(TM) 64-Bit Server VM (25.91-b15) for windows-amd64 JRE (1.8.0_91-b15), built on May 20 2016 17:43:15 by "java_re" with MS VC++ 10.0 (VS2010)

time: Tue Jul 25 16:02:00 2017
elapsed time: 6 seconds (0d 0h 0m 6s)

